<?xml version="1.0" encoding="UTF-8"?>
<!-- Generated by org.testng.reporters.JUnitXMLReporter -->
<testsuite ignored="0" hostname="DESKTOP-GDD8ABC" failures="0" tests="4" name="Default test" time="11.607" errors="0" timestamp="2025-08-20T21:27:02 IST">
  <testcase classname="testNGclass1.OrangeHRMtest" name="openapp" time="7.995"/>
  <testcase classname="testNGclass1.OrangeHRMtest" name="logopresencetest" time="3.071"/>
  <testcase classname="testNGclass1.OrangeHRMtest" name="testlogin" time="0.225"/>
  <testcase classname="testNGclass1.OrangeHRMtest" name="Testclose" time="0.26"/>
</testsuite> <!-- Default test -->
