<?xml version="1.0" encoding="UTF-8"?>
<testng-results ignored="0" total="3" passed="3" failed="0" skipped="0">
  <reporter-output>
  </reporter-output>
  <suite started-at="2025-08-21T22:14:17 IST" name="Surefire suite" finished-at="2025-08-21T22:14:17 IST" duration-ms="83">
    <groups>
    </groups>
    <test started-at="2025-08-21T22:14:17 IST" name="Surefire test" finished-at="2025-08-21T22:14:17 IST" duration-ms="83">
      <class name="testNGclass1.TestNGClass1">
        <test-method signature="openapp()[pri:1, instance:testNGclass1.TestNGClass1@ca263c2]" started-at="2025-08-21T22:14:17 IST" name="openapp" finished-at="2025-08-21T22:14:17 IST" duration-ms="9" status="PASS">
          <reporter-output>
          </reporter-output>
        </test-method> <!-- openapp -->
        <test-method signature="login()[pri:2, instance:testNGclass1.TestNGClass1@ca263c2]" started-at="2025-08-21T22:14:17 IST" name="login" finished-at="2025-08-21T22:14:17 IST" duration-ms="1" status="PASS">
          <reporter-output>
          </reporter-output>
        </test-method> <!-- login -->
        <test-method signature="logout()[pri:3, instance:testNGclass1.TestNGClass1@ca263c2]" started-at="2025-08-21T22:14:17 IST" name="logout" finished-at="2025-08-21T22:14:17 IST" duration-ms="1" status="PASS">
          <reporter-output>
          </reporter-output>
        </test-method> <!-- logout -->
      </class> <!-- testNGclass1.TestNGClass1 -->
    </test> <!-- Surefire test -->
  </suite> <!-- Surefire suite -->
</testng-results>
